{"C:\\Users\\chubb\\Documents\\Repositories\\charter-project\\src\\components\\CostTable\\index.jsx": {"path":"C:\\Users\\chubb\\Documents\\Repositories\\charter-project\\src\\components\\CostTable\\index.jsx","all":false,"statementMap":{"0":{"start":{"line":1,"column":0},"end":{"line":1,"column":50}},"1":{"start":{"line":2,"column":0},"end":{"line":2,"column":43}},"2":{"start":{"line":3,"column":0},"end":{"line":3,"column":42}},"3":{"start":{"line":4,"column":0},"end":{"line":4,"column":45}},"4":{"start":{"line":5,"column":0},"end":{"line":5,"column":48}},"5":{"start":{"line":6,"column":0},"end":{"line":6,"column":74}},"6":{"start":{"line":7,"column":0},"end":{"line":7,"column":29}},"7":{"start":{"line":8,"column":0},"end":{"line":8,"column":37}},"8":{"start":{"line":9,"column":0},"end":{"line":9,"column":32}},"9":{"start":{"line":10,"column":0},"end":{"line":10,"column":29}},"10":{"start":{"line":11,"column":0},"end":{"line":11,"column":1}},"11":{"start":{"line":12,"column":0},"end":{"line":12,"column":68}},"12":{"start":{"line":13,"column":0},"end":{"line":13,"column":35}},"13":{"start":{"line":14,"column":0},"end":{"line":14,"column":4}},"14":{"start":{"line":15,"column":0},"end":{"line":15,"column":48}},"15":{"start":{"line":16,"column":0},"end":{"line":16,"column":50}},"16":{"start":{"line":17,"column":0},"end":{"line":17,"column":0}},"17":{"start":{"line":18,"column":0},"end":{"line":18,"column":20}},"18":{"start":{"line":19,"column":0},"end":{"line":19,"column":19}},"19":{"start":{"line":20,"column":0},"end":{"line":20,"column":34}},"20":{"start":{"line":21,"column":0},"end":{"line":21,"column":22}},"21":{"start":{"line":22,"column":0},"end":{"line":22,"column":57}},"22":{"start":{"line":23,"column":0},"end":{"line":23,"column":32}},"23":{"start":{"line":24,"column":0},"end":{"line":24,"column":36}},"24":{"start":{"line":25,"column":0},"end":{"line":25,"column":10}},"25":{"start":{"line":26,"column":0},"end":{"line":26,"column":22}},"26":{"start":{"line":27,"column":0},"end":{"line":27,"column":0}},"27":{"start":{"line":28,"column":0},"end":{"line":28,"column":2}},"28":{"start":{"line":29,"column":0},"end":{"line":29,"column":45}},"29":{"start":{"line":30,"column":0},"end":{"line":30,"column":30}},"30":{"start":{"line":31,"column":0},"end":{"line":31,"column":39}},"31":{"start":{"line":32,"column":0},"end":{"line":32,"column":5}},"32":{"start":{"line":33,"column":0},"end":{"line":33,"column":0}},"33":{"start":{"line":34,"column":0},"end":{"line":34,"column":30}},"34":{"start":{"line":35,"column":0},"end":{"line":35,"column":39}},"35":{"start":{"line":36,"column":0},"end":{"line":36,"column":61}},"36":{"start":{"line":37,"column":0},"end":{"line":37,"column":118}},"37":{"start":{"line":38,"column":0},"end":{"line":38,"column":5}},"38":{"start":{"line":39,"column":0},"end":{"line":39,"column":12}},"39":{"start":{"line":40,"column":0},"end":{"line":40,"column":17}},"40":{"start":{"line":41,"column":0},"end":{"line":41,"column":7}},"41":{"start":{"line":42,"column":0},"end":{"line":42,"column":44}},"42":{"start":{"line":43,"column":0},"end":{"line":43,"column":23}},"43":{"start":{"line":44,"column":0},"end":{"line":44,"column":24}},"44":{"start":{"line":45,"column":0},"end":{"line":45,"column":34}},"45":{"start":{"line":46,"column":0},"end":{"line":46,"column":56}},"46":{"start":{"line":47,"column":0},"end":{"line":47,"column":75}},"47":{"start":{"line":48,"column":0},"end":{"line":48,"column":77}},"48":{"start":{"line":49,"column":0},"end":{"line":49,"column":27}},"49":{"start":{"line":50,"column":0},"end":{"line":50,"column":47}},"50":{"start":{"line":51,"column":0},"end":{"line":51,"column":25}},"51":{"start":{"line":52,"column":0},"end":{"line":52,"column":24}},"52":{"start":{"line":53,"column":0},"end":{"line":53,"column":23}},"53":{"start":{"line":54,"column":0},"end":{"line":54,"column":38}},"54":{"start":{"line":55,"column":0},"end":{"line":55,"column":24}},"55":{"start":{"line":56,"column":0},"end":{"line":56,"column":21}},"56":{"start":{"line":57,"column":0},"end":{"line":57,"column":11}},"57":{"start":{"line":58,"column":0},"end":{"line":58,"column":5}},"58":{"start":{"line":59,"column":0},"end":{"line":59,"column":1}},"59":{"start":{"line":60,"column":0},"end":{"line":60,"column":28}}},"s":{"0":1,"1":1,"2":1,"3":1,"4":1,"5":1,"6":1,"7":1,"8":1,"9":1,"10":1,"11":1,"12":1,"13":1,"14":1,"15":1,"16":1,"17":1,"18":7,"19":7,"20":7,"21":7,"22":7,"23":7,"24":7,"25":1,"26":1,"27":1,"28":1,"29":1,"30":7,"31":7,"32":7,"33":1,"34":3,"35":3,"36":3,"37":3,"38":3,"39":3,"40":3,"41":3,"42":3,"43":3,"44":3,"45":3,"46":9,"47":9,"48":9,"49":3,"50":3,"51":3,"52":3,"53":3,"54":3,"55":3,"56":3,"57":3,"58":3,"59":1},"branchMap":{"0":{"type":"branch","line":8,"loc":{"start":{"line":8,"column":16},"end":{"line":8,"column":37}},"locations":[{"start":{"line":8,"column":16},"end":{"line":8,"column":37}}]},"1":{"type":"branch","line":30,"loc":{"start":{"line":30,"column":29},"end":{"line":34,"column":13}},"locations":[{"start":{"line":30,"column":29},"end":{"line":34,"column":13}}]},"2":{"type":"branch","line":34,"loc":{"start":{"line":34,"column":4},"end":{"line":59,"column":1}},"locations":[{"start":{"line":34,"column":4},"end":{"line":59,"column":1}}]},"3":{"type":"branch","line":18,"loc":{"start":{"line":18,"column":15},"end":{"line":26,"column":6}},"locations":[{"start":{"line":18,"column":15},"end":{"line":26,"column":6}}]},"4":{"type":"branch","line":20,"loc":{"start":{"line":20,"column":15},"end":{"line":20,"column":34}},"locations":[{"start":{"line":20,"column":15},"end":{"line":20,"column":34}}]},"5":{"type":"branch","line":21,"loc":{"start":{"line":21,"column":15},"end":{"line":25,"column":10}},"locations":[{"start":{"line":21,"column":15},"end":{"line":25,"column":10}}]},"6":{"type":"branch","line":34,"loc":{"start":{"line":34,"column":4},"end":{"line":39,"column":12}},"locations":[{"start":{"line":34,"column":4},"end":{"line":39,"column":12}}]},"7":{"type":"branch","line":37,"loc":{"start":{"line":37,"column":14},"end":{"line":37,"column":118}},"locations":[{"start":{"line":37,"column":14},"end":{"line":37,"column":118}}]},"8":{"type":"branch","line":46,"loc":{"start":{"line":46,"column":39},"end":{"line":49,"column":27}},"locations":[{"start":{"line":46,"column":39},"end":{"line":49,"column":27}}]}},"b":{"0":[1],"1":[7],"2":[3],"3":[7],"4":[7],"5":[7],"6":[3],"7":[27],"8":[9]},"fnMap":{"0":{"name":"default","decl":{"start":{"line":8,"column":16},"end":{"line":8,"column":37}},"loc":{"start":{"line":8,"column":16},"end":{"line":8,"column":37}},"line":8},"1":{"name":"renderFunction","decl":{"start":{"line":34,"column":4},"end":{"line":39,"column":12}},"loc":{"start":{"line":34,"column":4},"end":{"line":39,"column":12}},"line":34},"2":{"name":"get","decl":{"start":{"line":60,"column":8},"end":{"line":60,"column":28}},"loc":{"start":{"line":60,"column":8},"end":{"line":60,"column":28}},"line":60}},"f":{"0":1,"1":3,"2":0}}
,"C:\\Users\\chubb\\Documents\\Repositories\\charter-project\\src\\components\\CostTableRow\\index.jsx": {"path":"C:\\Users\\chubb\\Documents\\Repositories\\charter-project\\src\\components\\CostTableRow\\index.jsx","all":false,"statementMap":{"0":{"start":{"line":1,"column":0},"end":{"line":1,"column":26}},"1":{"start":{"line":2,"column":0},"end":{"line":2,"column":0}},"2":{"start":{"line":3,"column":0},"end":{"line":3,"column":58}},"3":{"start":{"line":4,"column":0},"end":{"line":4,"column":40}},"4":{"start":{"line":5,"column":0},"end":{"line":5,"column":10}},"5":{"start":{"line":6,"column":0},"end":{"line":6,"column":8}},"6":{"start":{"line":7,"column":0},"end":{"line":7,"column":25}},"7":{"start":{"line":8,"column":0},"end":{"line":8,"column":7}},"8":{"start":{"line":9,"column":0},"end":{"line":9,"column":22}},"9":{"start":{"line":10,"column":0},"end":{"line":10,"column":90}},"10":{"start":{"line":11,"column":0},"end":{"line":11,"column":7}},"11":{"start":{"line":12,"column":0},"end":{"line":12,"column":28}},"12":{"start":{"line":13,"column":0},"end":{"line":13,"column":10}},"13":{"start":{"line":14,"column":0},"end":{"line":14,"column":3}},"14":{"start":{"line":15,"column":0},"end":{"line":15,"column":0}},"15":{"start":{"line":16,"column":0},"end":{"line":16,"column":1}}},"s":{"0":1,"1":1,"2":1,"3":1,"4":1,"5":1,"6":1,"7":1,"8":1,"9":1,"10":1,"11":1,"12":1,"13":1,"14":1,"15":1},"branchMap":{"0":{"type":"branch","line":9,"loc":{"start":{"line":9,"column":8},"end":{"line":9,"column":22}},"locations":[{"start":{"line":9,"column":8},"end":{"line":9,"column":22}}]},"1":{"type":"branch","line":10,"loc":{"start":{"line":10,"column":11},"end":{"line":10,"column":90}},"locations":[{"start":{"line":10,"column":11},"end":{"line":10,"column":90}}]},"2":{"type":"branch","line":10,"loc":{"start":{"line":10,"column":67},"end":{"line":10,"column":83}},"locations":[{"start":{"line":10,"column":67},"end":{"line":10,"column":83}}]}},"b":{"0":[27],"1":[81],"2":[15]},"fnMap":{},"f":{}}
,"C:\\Users\\chubb\\Documents\\Repositories\\charter-project\\src\\mock\\fakeFetch.js": {"path":"C:\\Users\\chubb\\Documents\\Repositories\\charter-project\\src\\mock\\fakeFetch.js","all":false,"statementMap":{"0":{"start":{"line":1,"column":0},"end":{"line":1,"column":38}},"1":{"start":{"line":2,"column":0},"end":{"line":2,"column":1}},"2":{"start":{"line":3,"column":0},"end":{"line":3,"column":37}},"3":{"start":{"line":4,"column":0},"end":{"line":4,"column":0}},"4":{"start":{"line":5,"column":0},"end":{"line":5,"column":33}},"5":{"start":{"line":6,"column":0},"end":{"line":6,"column":28}},"6":{"start":{"line":7,"column":0},"end":{"line":7,"column":57}},"7":{"start":{"line":8,"column":0},"end":{"line":8,"column":131}},"8":{"start":{"line":9,"column":0},"end":{"line":9,"column":20}},"9":{"start":{"line":10,"column":0},"end":{"line":10,"column":39}},"10":{"start":{"line":11,"column":0},"end":{"line":11,"column":16}},"11":{"start":{"line":12,"column":0},"end":{"line":12,"column":15}},"12":{"start":{"line":13,"column":0},"end":{"line":13,"column":6}},"13":{"start":{"line":14,"column":0},"end":{"line":14,"column":1}}},"s":{"0":1,"1":1,"2":1,"3":1,"4":1,"5":7,"6":7,"7":7,"8":7,"9":7,"10":7,"11":7,"12":7,"13":1},"branchMap":{"0":{"type":"branch","line":5,"loc":{"start":{"line":5,"column":24},"end":{"line":13,"column":6}},"locations":[{"start":{"line":5,"column":24},"end":{"line":13,"column":6}}]},"1":{"type":"branch","line":6,"loc":{"start":{"line":6,"column":21},"end":{"line":12,"column":10}},"locations":[{"start":{"line":6,"column":21},"end":{"line":12,"column":10}}]},"2":{"type":"branch","line":8,"loc":{"start":{"line":8,"column":21},"end":{"line":8,"column":131}},"locations":[{"start":{"line":8,"column":21},"end":{"line":8,"column":131}}]}},"b":{"0":[7],"1":[7],"2":[1130]},"fnMap":{},"f":{}}
,"C:\\Users\\chubb\\Documents\\Repositories\\charter-project\\src\\utils\\calculatePoints.js": {"path":"C:\\Users\\chubb\\Documents\\Repositories\\charter-project\\src\\utils\\calculatePoints.js","all":false,"statementMap":{"0":{"start":{"line":1,"column":0},"end":{"line":1,"column":50}},"1":{"start":{"line":2,"column":0},"end":{"line":2,"column":29}},"2":{"start":{"line":3,"column":0},"end":{"line":3,"column":33}},"3":{"start":{"line":4,"column":0},"end":{"line":4,"column":25}},"4":{"start":{"line":5,"column":0},"end":{"line":5,"column":41}},"5":{"start":{"line":6,"column":0},"end":{"line":6,"column":10}},"6":{"start":{"line":7,"column":0},"end":{"line":7,"column":26}},"7":{"start":{"line":8,"column":0},"end":{"line":8,"column":31}},"8":{"start":{"line":9,"column":0},"end":{"line":9,"column":48}},"9":{"start":{"line":10,"column":0},"end":{"line":10,"column":44}},"10":{"start":{"line":11,"column":0},"end":{"line":11,"column":9}},"11":{"start":{"line":12,"column":0},"end":{"line":12,"column":5}}},"s":{"0":1,"1":1,"2":1,"3":952,"4":294,"5":294,"6":658,"7":658,"8":658,"9":658,"10":658,"11":1},"branchMap":{"0":{"type":"branch","line":3,"loc":{"start":{"line":3,"column":24},"end":{"line":3,"column":33}},"locations":[{"start":{"line":3,"column":24},"end":{"line":3,"column":33}}]},"1":{"type":"branch","line":4,"loc":{"start":{"line":4,"column":0},"end":{"line":4,"column":25}},"locations":[{"start":{"line":4,"column":0},"end":{"line":4,"column":25}}]},"2":{"type":"branch","line":5,"loc":{"start":{"line":5,"column":-2},"end":{"line":6,"column":10}},"locations":[{"start":{"line":5,"column":-2},"end":{"line":6,"column":10}}]},"3":{"type":"branch","line":7,"loc":{"start":{"line":7,"column":-2},"end":{"line":11,"column":9}},"locations":[{"start":{"line":7,"column":-2},"end":{"line":11,"column":9}}]}},"b":{"0":[448],"1":[952],"2":[294],"3":[658]},"fnMap":{},"f":{}}
,"C:\\Users\\chubb\\Documents\\Repositories\\charter-project\\src\\utils\\handleData.js": {"path":"C:\\Users\\chubb\\Documents\\Repositories\\charter-project\\src\\utils\\handleData.js","all":false,"statementMap":{"0":{"start":{"line":1,"column":0},"end":{"line":1,"column":47}},"1":{"start":{"line":2,"column":0},"end":{"line":2,"column":0}},"2":{"start":{"line":3,"column":0},"end":{"line":3,"column":53}},"3":{"start":{"line":4,"column":0},"end":{"line":4,"column":22}},"4":{"start":{"line":5,"column":0},"end":{"line":5,"column":35}},"5":{"start":{"line":6,"column":0},"end":{"line":6,"column":60}},"6":{"start":{"line":7,"column":0},"end":{"line":7,"column":36}},"7":{"start":{"line":8,"column":0},"end":{"line":8,"column":96}},"8":{"start":{"line":9,"column":0},"end":{"line":9,"column":35}},"9":{"start":{"line":10,"column":0},"end":{"line":10,"column":127}},"10":{"start":{"line":11,"column":0},"end":{"line":11,"column":116}},"11":{"start":{"line":12,"column":0},"end":{"line":12,"column":77}},"12":{"start":{"line":13,"column":0},"end":{"line":13,"column":75}},"13":{"start":{"line":14,"column":0},"end":{"line":14,"column":6}},"14":{"start":{"line":15,"column":0},"end":{"line":15,"column":48}},"15":{"start":{"line":16,"column":0},"end":{"line":16,"column":71}},"16":{"start":{"line":17,"column":0},"end":{"line":17,"column":33}},"17":{"start":{"line":18,"column":0},"end":{"line":18,"column":1}}},"s":{"0":1,"1":1,"2":1,"3":7,"4":7,"5":7,"6":7,"7":700,"8":700,"9":700,"10":700,"11":700,"12":700,"13":700,"14":7,"15":7,"16":7,"17":7},"branchMap":{"0":{"type":"branch","line":3,"loc":{"start":{"line":3,"column":16},"end":{"line":18,"column":1}},"locations":[{"start":{"line":3,"column":16},"end":{"line":18,"column":1}}]},"1":{"type":"branch","line":7,"loc":{"start":{"line":7,"column":29},"end":{"line":14,"column":6}},"locations":[{"start":{"line":7,"column":29},"end":{"line":14,"column":6}}]},"2":{"type":"branch","line":10,"loc":{"start":{"line":10,"column":37},"end":{"line":10,"column":103}},"locations":[{"start":{"line":10,"column":37},"end":{"line":10,"column":103}}]},"3":{"type":"branch","line":11,"loc":{"start":{"line":11,"column":47},"end":{"line":11,"column":86}},"locations":[{"start":{"line":11,"column":47},"end":{"line":11,"column":86}}]}},"b":{"0":[7],"1":[700],"2":[63],"3":[238]},"fnMap":{"0":{"name":"handleData","decl":{"start":{"line":3,"column":16},"end":{"line":18,"column":1}},"loc":{"start":{"line":3,"column":16},"end":{"line":18,"column":1}},"line":3}},"f":{"0":7}}
,"C:\\Users\\chubb\\Documents\\Repositories\\charter-project\\src\\utils\\sortingFunctions.js": {"path":"C:\\Users\\chubb\\Documents\\Repositories\\charter-project\\src\\utils\\sortingFunctions.js","all":false,"statementMap":{"0":{"start":{"line":1,"column":0},"end":{"line":1,"column":0}},"1":{"start":{"line":2,"column":0},"end":{"line":2,"column":0}},"2":{"start":{"line":3,"column":0},"end":{"line":3,"column":0}},"3":{"start":{"line":4,"column":0},"end":{"line":4,"column":28}},"4":{"start":{"line":5,"column":0},"end":{"line":5,"column":43}},"5":{"start":{"line":6,"column":0},"end":{"line":6,"column":12}},"6":{"start":{"line":7,"column":0},"end":{"line":7,"column":34}},"7":{"start":{"line":8,"column":0},"end":{"line":8,"column":5}},"8":{"start":{"line":9,"column":0},"end":{"line":9,"column":1}},"9":{"start":{"line":10,"column":0},"end":{"line":10,"column":35}},"10":{"start":{"line":11,"column":0},"end":{"line":11,"column":42}},"11":{"start":{"line":12,"column":0},"end":{"line":12,"column":55}},"12":{"start":{"line":13,"column":0},"end":{"line":13,"column":62}},"13":{"start":{"line":14,"column":0},"end":{"line":14,"column":6}},"14":{"start":{"line":15,"column":0},"end":{"line":15,"column":2}},"15":{"start":{"line":16,"column":0},"end":{"line":16,"column":0}},"16":{"start":{"line":17,"column":0},"end":{"line":17,"column":0}},"17":{"start":{"line":18,"column":0},"end":{"line":18,"column":36}},"18":{"start":{"line":19,"column":0},"end":{"line":19,"column":43}},"19":{"start":{"line":20,"column":0},"end":{"line":20,"column":55}},"20":{"start":{"line":21,"column":0},"end":{"line":21,"column":91}},"21":{"start":{"line":22,"column":0},"end":{"line":22,"column":7}},"22":{"start":{"line":23,"column":0},"end":{"line":23,"column":1}}},"s":{"0":1,"1":1,"2":1,"3":1,"4":44,"5":44,"6":44,"7":44,"8":44,"9":1,"10":1,"11":1,"12":16,"13":16,"14":1,"15":1,"16":1,"17":1,"18":1,"19":1,"20":22,"21":1,"22":1},"branchMap":{"0":{"type":"branch","line":4,"loc":{"start":{"line":4,"column":1},"end":{"line":9,"column":1}},"locations":[{"start":{"line":4,"column":1},"end":{"line":9,"column":1}}]},"1":{"type":"branch","line":10,"loc":{"start":{"line":10,"column":8},"end":{"line":15,"column":2}},"locations":[{"start":{"line":10,"column":8},"end":{"line":15,"column":2}}]},"2":{"type":"branch","line":12,"loc":{"start":{"line":12,"column":29},"end":{"line":14,"column":6}},"locations":[{"start":{"line":12,"column":29},"end":{"line":14,"column":6}}]},"3":{"type":"branch","line":15,"loc":{"start":{"line":15,"column":1},"end":{"line":15,"column":2}},"locations":[{"start":{"line":15,"column":1},"end":{"line":15,"column":2}}]},"4":{"type":"branch","line":20,"loc":{"start":{"line":20,"column":29},"end":{"line":22,"column":6}},"locations":[{"start":{"line":20,"column":29},"end":{"line":22,"column":6}}]}},"b":{"0":[44],"1":[1],"2":[16],"3":[1],"4":[22]},"fnMap":{"0":{"name":"strToUpperInt","decl":{"start":{"line":4,"column":1},"end":{"line":9,"column":1}},"loc":{"start":{"line":4,"column":1},"end":{"line":9,"column":1}},"line":4},"1":{"name":"numericSort","decl":{"start":{"line":10,"column":8},"end":{"line":15,"column":2}},"loc":{"start":{"line":10,"column":8},"end":{"line":15,"column":2}},"line":10},"2":{"name":"get","decl":{"start":{"line":15,"column":1},"end":{"line":15,"column":2}},"loc":{"start":{"line":15,"column":1},"end":{"line":15,"column":2}},"line":15}},"f":{"0":44,"1":1,"2":1}}
}
