{"C:\\Users\\chubb\\Documents\\Repositories\\charter-project\\src\\assets\\calculatePoints.js": {"path":"C:\\Users\\chubb\\Documents\\Repositories\\charter-project\\src\\assets\\calculatePoints.js","all":false,"statementMap":{"0":{"start":{"line":1,"column":0},"end":{"line":1,"column":51}},"1":{"start":{"line":2,"column":0},"end":{"line":2,"column":23}},"2":{"start":{"line":3,"column":0},"end":{"line":3,"column":39}},"3":{"start":{"line":4,"column":0},"end":{"line":4,"column":29}},"4":{"start":{"line":5,"column":0},"end":{"line":5,"column":33}},"5":{"start":{"line":6,"column":0},"end":{"line":6,"column":25}},"6":{"start":{"line":7,"column":0},"end":{"line":7,"column":41}},"7":{"start":{"line":8,"column":0},"end":{"line":8,"column":10}},"8":{"start":{"line":9,"column":0},"end":{"line":9,"column":26}},"9":{"start":{"line":10,"column":0},"end":{"line":10,"column":31}},"10":{"start":{"line":11,"column":0},"end":{"line":11,"column":48}},"11":{"start":{"line":12,"column":0},"end":{"line":12,"column":44}},"12":{"start":{"line":13,"column":0},"end":{"line":13,"column":9}},"13":{"start":{"line":14,"column":0},"end":{"line":14,"column":5}},"14":{"start":{"line":15,"column":0},"end":{"line":15,"column":42}},"15":{"start":{"line":16,"column":0},"end":{"line":16,"column":68}},"16":{"start":{"line":17,"column":0},"end":{"line":17,"column":40}},"17":{"start":{"line":18,"column":0},"end":{"line":18,"column":60}},"18":{"start":{"line":19,"column":0},"end":{"line":19,"column":67}},"19":{"start":{"line":20,"column":0},"end":{"line":20,"column":99}},"20":{"start":{"line":21,"column":0},"end":{"line":21,"column":6}},"21":{"start":{"line":22,"column":0},"end":{"line":22,"column":0}},"22":{"start":{"line":23,"column":0},"end":{"line":23,"column":0}},"23":{"start":{"line":24,"column":0},"end":{"line":24,"column":1}}},"s":{"0":1,"1":1,"2":1,"3":1200,"4":1200,"5":852,"6":456,"7":456,"8":396,"9":396,"10":396,"11":396,"12":396,"13":1200,"14":1,"15":600,"16":600,"17":600,"18":600,"19":600,"20":600,"21":1,"22":1,"23":1},"branchMap":{"0":{"type":"branch","line":3,"loc":{"start":{"line":3,"column":5},"end":{"line":14,"column":5}},"locations":[{"start":{"line":3,"column":5},"end":{"line":14,"column":5}}]},"1":{"type":"branch","line":5,"loc":{"start":{"line":5,"column":24},"end":{"line":5,"column":33}},"locations":[{"start":{"line":5,"column":24},"end":{"line":5,"column":33}}]},"2":{"type":"branch","line":6,"loc":{"start":{"line":6,"column":0},"end":{"line":6,"column":25}},"locations":[{"start":{"line":6,"column":0},"end":{"line":6,"column":25}}]},"3":{"type":"branch","line":7,"loc":{"start":{"line":7,"column":-2},"end":{"line":8,"column":10}},"locations":[{"start":{"line":7,"column":-2},"end":{"line":8,"column":10}}]},"4":{"type":"branch","line":9,"loc":{"start":{"line":9,"column":-2},"end":{"line":13,"column":9}},"locations":[{"start":{"line":9,"column":-2},"end":{"line":13,"column":9}}]},"5":{"type":"branch","line":15,"loc":{"start":{"line":15,"column":26},"end":{"line":21,"column":6}},"locations":[{"start":{"line":15,"column":26},"end":{"line":21,"column":6}}]}},"b":{"0":[1200],"1":[348],"2":[852],"3":[456],"4":[396],"5":[600]},"fnMap":{"0":{"name":"calculateNewPoints","decl":{"start":{"line":3,"column":5},"end":{"line":14,"column":5}},"loc":{"start":{"line":3,"column":5},"end":{"line":14,"column":5}},"line":3}},"f":{"0":1200}}
,"C:\\Users\\chubb\\Documents\\Repositories\\charter-project\\src\\assets\\fakeFetch.js": {"path":"C:\\Users\\chubb\\Documents\\Repositories\\charter-project\\src\\assets\\fakeFetch.js","all":false,"statementMap":{"0":{"start":{"line":1,"column":0},"end":{"line":1,"column":55}},"1":{"start":{"line":2,"column":0},"end":{"line":2,"column":55}},"2":{"start":{"line":3,"column":0},"end":{"line":3,"column":0}},"3":{"start":{"line":4,"column":0},"end":{"line":4,"column":50}},"4":{"start":{"line":5,"column":0},"end":{"line":5,"column":54}},"5":{"start":{"line":6,"column":0},"end":{"line":6,"column":32}},"6":{"start":{"line":7,"column":0},"end":{"line":7,"column":50}},"7":{"start":{"line":8,"column":0},"end":{"line":8,"column":13}},"8":{"start":{"line":9,"column":0},"end":{"line":9,"column":28}},"9":{"start":{"line":10,"column":0},"end":{"line":10,"column":10}},"10":{"start":{"line":11,"column":0},"end":{"line":11,"column":33}},"11":{"start":{"line":12,"column":0},"end":{"line":12,"column":27}},"12":{"start":{"line":13,"column":0},"end":{"line":13,"column":69}},"13":{"start":{"line":14,"column":0},"end":{"line":14,"column":128}},"14":{"start":{"line":15,"column":0},"end":{"line":15,"column":39}},"15":{"start":{"line":16,"column":0},"end":{"line":16,"column":15}},"16":{"start":{"line":17,"column":0},"end":{"line":17,"column":6}},"17":{"start":{"line":18,"column":0},"end":{"line":18,"column":1}}},"s":{"0":1,"1":1,"2":1,"3":1,"4":1,"5":600,"6":0,"7":0,"8":600,"9":600,"10":1,"11":6,"12":6,"13":6,"14":6,"15":6,"16":6,"17":1},"branchMap":{"0":{"type":"branch","line":5,"loc":{"start":{"line":5,"column":46},"end":{"line":10,"column":10}},"locations":[{"start":{"line":5,"column":46},"end":{"line":10,"column":10}}]},"1":{"type":"branch","line":7,"loc":{"start":{"line":7,"column":-2},"end":{"line":8,"column":13}},"locations":[{"start":{"line":7,"column":-2},"end":{"line":8,"column":13}}]},"2":{"type":"branch","line":11,"loc":{"start":{"line":11,"column":24},"end":{"line":17,"column":6}},"locations":[{"start":{"line":11,"column":24},"end":{"line":17,"column":6}}]},"3":{"type":"branch","line":12,"loc":{"start":{"line":12,"column":20},"end":{"line":16,"column":10}},"locations":[{"start":{"line":12,"column":20},"end":{"line":16,"column":10}}]},"4":{"type":"branch","line":14,"loc":{"start":{"line":14,"column":17},"end":{"line":14,"column":127}},"locations":[{"start":{"line":14,"column":17},"end":{"line":14,"column":127}}]}},"b":{"0":[600],"1":[0],"2":[6],"3":[6],"4":[3246]},"fnMap":{},"f":{}}
,"C:\\Users\\chubb\\Documents\\Repositories\\charter-project\\src\\components\\CostTable\\index.jsx": {"path":"C:\\Users\\chubb\\Documents\\Repositories\\charter-project\\src\\components\\CostTable\\index.jsx","all":false,"statementMap":{"0":{"start":{"line":1,"column":0},"end":{"line":1,"column":50}},"1":{"start":{"line":2,"column":0},"end":{"line":2,"column":43}},"2":{"start":{"line":3,"column":0},"end":{"line":3,"column":42}},"3":{"start":{"line":4,"column":0},"end":{"line":4,"column":47}},"4":{"start":{"line":5,"column":0},"end":{"line":5,"column":0}},"5":{"start":{"line":6,"column":0},"end":{"line":6,"column":0}},"6":{"start":{"line":7,"column":0},"end":{"line":7,"column":42}},"7":{"start":{"line":8,"column":0},"end":{"line":8,"column":53}},"8":{"start":{"line":9,"column":0},"end":{"line":9,"column":50}},"9":{"start":{"line":10,"column":0},"end":{"line":10,"column":71}},"10":{"start":{"line":11,"column":0},"end":{"line":11,"column":0}},"11":{"start":{"line":12,"column":0},"end":{"line":12,"column":41}},"12":{"start":{"line":13,"column":0},"end":{"line":13,"column":35}},"13":{"start":{"line":14,"column":0},"end":{"line":14,"column":55}},"14":{"start":{"line":15,"column":0},"end":{"line":15,"column":32}},"15":{"start":{"line":16,"column":0},"end":{"line":16,"column":28}},"16":{"start":{"line":17,"column":0},"end":{"line":17,"column":12}},"17":{"start":{"line":18,"column":0},"end":{"line":18,"column":37}},"18":{"start":{"line":19,"column":0},"end":{"line":19,"column":10}},"19":{"start":{"line":20,"column":0},"end":{"line":20,"column":7}},"20":{"start":{"line":21,"column":0},"end":{"line":21,"column":4}},"21":{"start":{"line":22,"column":0},"end":{"line":22,"column":22}},"22":{"start":{"line":23,"column":0},"end":{"line":23,"column":27}},"23":{"start":{"line":24,"column":0},"end":{"line":24,"column":31}},"24":{"start":{"line":25,"column":0},"end":{"line":25,"column":28}},"25":{"start":{"line":26,"column":0},"end":{"line":26,"column":42}},"26":{"start":{"line":27,"column":0},"end":{"line":27,"column":65}},"27":{"start":{"line":28,"column":0},"end":{"line":28,"column":58}},"28":{"start":{"line":29,"column":0},"end":{"line":29,"column":47}},"29":{"start":{"line":30,"column":0},"end":{"line":30,"column":54}},"30":{"start":{"line":31,"column":0},"end":{"line":31,"column":52}},"31":{"start":{"line":32,"column":0},"end":{"line":32,"column":17}},"32":{"start":{"line":33,"column":0},"end":{"line":33,"column":0}},"33":{"start":{"line":34,"column":0},"end":{"line":34,"column":69}},"34":{"start":{"line":35,"column":0},"end":{"line":35,"column":16}},"35":{"start":{"line":36,"column":0},"end":{"line":36,"column":0}},"36":{"start":{"line":37,"column":0},"end":{"line":37,"column":14}},"37":{"start":{"line":38,"column":0},"end":{"line":38,"column":40}},"38":{"start":{"line":39,"column":0},"end":{"line":39,"column":0}},"39":{"start":{"line":40,"column":0},"end":{"line":40,"column":28}},"40":{"start":{"line":41,"column":0},"end":{"line":41,"column":39}},"41":{"start":{"line":42,"column":0},"end":{"line":42,"column":5}},"42":{"start":{"line":43,"column":0},"end":{"line":43,"column":12}},"43":{"start":{"line":44,"column":0},"end":{"line":44,"column":10}},"44":{"start":{"line":45,"column":0},"end":{"line":45,"column":44}},"45":{"start":{"line":46,"column":0},"end":{"line":46,"column":23}},"46":{"start":{"line":47,"column":0},"end":{"line":47,"column":24}},"47":{"start":{"line":48,"column":0},"end":{"line":48,"column":33}},"48":{"start":{"line":49,"column":0},"end":{"line":49,"column":39}},"49":{"start":{"line":50,"column":0},"end":{"line":50,"column":39}},"50":{"start":{"line":51,"column":0},"end":{"line":51,"column":48}},"51":{"start":{"line":52,"column":0},"end":{"line":52,"column":47}},"52":{"start":{"line":53,"column":0},"end":{"line":53,"column":25}},"53":{"start":{"line":54,"column":0},"end":{"line":54,"column":24}},"54":{"start":{"line":55,"column":0},"end":{"line":55,"column":23}},"55":{"start":{"line":56,"column":0},"end":{"line":56,"column":140}},"56":{"start":{"line":57,"column":0},"end":{"line":57,"column":24}},"57":{"start":{"line":58,"column":0},"end":{"line":58,"column":20}},"58":{"start":{"line":59,"column":0},"end":{"line":59,"column":74}},"59":{"start":{"line":60,"column":0},"end":{"line":60,"column":73}},"60":{"start":{"line":61,"column":0},"end":{"line":61,"column":11}},"61":{"start":{"line":62,"column":0},"end":{"line":62,"column":5}},"62":{"start":{"line":63,"column":0},"end":{"line":63,"column":1}}},"s":{"0":1,"1":1,"2":1,"3":1,"4":1,"5":1,"6":1,"7":1,"8":1,"9":1,"10":1,"11":1,"12":2,"13":2,"14":2,"15":1,"16":1,"17":1,"18":2,"19":2,"20":2,"21":1,"22":6,"23":6,"24":6,"25":6,"26":6,"27":6,"28":6,"29":0,"30":0,"31":0,"32":0,"33":6,"34":6,"35":6,"36":6,"37":1,"38":1,"39":1,"40":5,"41":5,"42":5,"43":4,"44":4,"45":4,"46":4,"47":4,"48":4,"49":4,"50":4,"51":4,"52":4,"53":4,"54":4,"55":4,"56":4,"57":4,"58":4,"59":4,"60":4,"61":4,"62":4},"branchMap":{"0":{"type":"branch","line":40,"loc":{"start":{"line":40,"column":27},"end":{"line":43,"column":12}},"locations":[{"start":{"line":40,"column":27},"end":{"line":43,"column":12}}]},"1":{"type":"branch","line":43,"loc":{"start":{"line":43,"column":4},"end":{"line":63,"column":1}},"locations":[{"start":{"line":43,"column":4},"end":{"line":63,"column":1}}]},"2":{"type":"branch","line":12,"loc":{"start":{"line":12,"column":4},"end":{"line":22,"column":14}},"locations":[{"start":{"line":12,"column":4},"end":{"line":22,"column":14}}]},"3":{"type":"branch","line":13,"loc":{"start":{"line":13,"column":26},"end":{"line":19,"column":10}},"locations":[{"start":{"line":13,"column":26},"end":{"line":19,"column":10}}]},"4":{"type":"branch","line":15,"loc":{"start":{"line":15,"column":31},"end":{"line":19,"column":9}},"locations":[{"start":{"line":15,"column":31},"end":{"line":19,"column":9}}]},"5":{"type":"branch","line":22,"loc":{"start":{"line":22,"column":14},"end":{"line":38,"column":7}},"locations":[{"start":{"line":22,"column":14},"end":{"line":38,"column":7}}]},"6":{"type":"branch","line":24,"loc":{"start":{"line":24,"column":19},"end":{"line":24,"column":31}},"locations":[{"start":{"line":24,"column":19},"end":{"line":24,"column":31}}]},"7":{"type":"branch","line":25,"loc":{"start":{"line":25,"column":19},"end":{"line":37,"column":14}},"locations":[{"start":{"line":25,"column":19},"end":{"line":37,"column":14}}]},"8":{"type":"branch","line":29,"loc":{"start":{"line":29,"column":46},"end":{"line":34,"column":29}},"locations":[{"start":{"line":29,"column":46},"end":{"line":34,"column":29}}]},"9":{"type":"branch","line":56,"loc":{"start":{"line":56,"column":35},"end":{"line":56,"column":139}},"locations":[{"start":{"line":56,"column":35},"end":{"line":56,"column":139}}]},"10":{"type":"branch","line":59,"loc":{"start":{"line":59,"column":29},"end":{"line":59,"column":58}},"locations":[{"start":{"line":59,"column":29},"end":{"line":59,"column":58}}]},"11":{"type":"branch","line":60,"loc":{"start":{"line":60,"column":29},"end":{"line":60,"column":57}},"locations":[{"start":{"line":60,"column":29},"end":{"line":60,"column":57}}]}},"b":{"0":[5],"1":[4],"2":[2],"3":[2],"4":[1],"5":[6],"6":[6],"7":[6],"8":[0],"9":[80],"10":[1],"11":[1]},"fnMap":{"0":{"name":"handleClick","decl":{"start":{"line":12,"column":4},"end":{"line":22,"column":14}},"loc":{"start":{"line":12,"column":4},"end":{"line":22,"column":14}},"line":12},"1":{"name":"onClick","decl":{"start":{"line":59,"column":29},"end":{"line":59,"column":58}},"loc":{"start":{"line":59,"column":29},"end":{"line":59,"column":58}},"line":59},"2":{"name":"onClick","decl":{"start":{"line":60,"column":29},"end":{"line":60,"column":57}},"loc":{"start":{"line":60,"column":29},"end":{"line":60,"column":57}},"line":60}},"f":{"0":2,"1":1,"2":1}}
,"C:\\Users\\chubb\\Documents\\Repositories\\charter-project\\src\\components\\CostTableRow\\index.jsx": {"path":"C:\\Users\\chubb\\Documents\\Repositories\\charter-project\\src\\components\\CostTableRow\\index.jsx","all":false,"statementMap":{"0":{"start":{"line":1,"column":0},"end":{"line":1,"column":26}},"1":{"start":{"line":2,"column":0},"end":{"line":2,"column":0}},"2":{"start":{"line":3,"column":0},"end":{"line":3,"column":44}},"3":{"start":{"line":4,"column":0},"end":{"line":4,"column":72}},"4":{"start":{"line":5,"column":0},"end":{"line":5,"column":66}},"5":{"start":{"line":6,"column":0},"end":{"line":6,"column":11}},"6":{"start":{"line":7,"column":0},"end":{"line":7,"column":12}},"7":{"start":{"line":8,"column":0},"end":{"line":8,"column":41}},"8":{"start":{"line":9,"column":0},"end":{"line":9,"column":35}},"9":{"start":{"line":10,"column":0},"end":{"line":10,"column":59}},"10":{"start":{"line":11,"column":0},"end":{"line":11,"column":38}},"11":{"start":{"line":12,"column":0},"end":{"line":12,"column":43}},"12":{"start":{"line":13,"column":0},"end":{"line":13,"column":13}},"13":{"start":{"line":14,"column":0},"end":{"line":14,"column":5}},"14":{"start":{"line":15,"column":0},"end":{"line":15,"column":0}},"15":{"start":{"line":16,"column":0},"end":{"line":16,"column":1}}},"s":{"0":1,"1":1,"2":1,"3":1,"4":1,"5":1,"6":1,"7":1,"8":1,"9":1,"10":1,"11":1,"12":1,"13":1,"14":1,"15":1},"branchMap":{},"b":{},"fnMap":{},"f":{}}
,"C:\\Users\\chubb\\Documents\\Repositories\\charter-project\\src\\components\\UserSelector\\index.jsx": {"path":"C:\\Users\\chubb\\Documents\\Repositories\\charter-project\\src\\components\\UserSelector\\index.jsx","all":false,"statementMap":{"0":{"start":{"line":1,"column":0},"end":{"line":1,"column":1}},"1":{"start":{"line":2,"column":0},"end":{"line":2,"column":50}},"2":{"start":{"line":3,"column":0},"end":{"line":3,"column":0}},"3":{"start":{"line":4,"column":0},"end":{"line":4,"column":0}},"4":{"start":{"line":5,"column":0},"end":{"line":5,"column":29}},"5":{"start":{"line":6,"column":0},"end":{"line":6,"column":44}},"6":{"start":{"line":7,"column":0},"end":{"line":7,"column":46}},"7":{"start":{"line":8,"column":0},"end":{"line":8,"column":0}},"8":{"start":{"line":9,"column":0},"end":{"line":9,"column":29}},"9":{"start":{"line":10,"column":0},"end":{"line":10,"column":46}},"10":{"start":{"line":11,"column":0},"end":{"line":11,"column":35}},"11":{"start":{"line":12,"column":0},"end":{"line":12,"column":5}},"12":{"start":{"line":13,"column":0},"end":{"line":13,"column":4}},"13":{"start":{"line":14,"column":0},"end":{"line":14,"column":20}},"14":{"start":{"line":15,"column":0},"end":{"line":15,"column":65}},"15":{"start":{"line":16,"column":0},"end":{"line":16,"column":51}},"16":{"start":{"line":17,"column":0},"end":{"line":17,"column":83}},"17":{"start":{"line":18,"column":0},"end":{"line":18,"column":11}},"18":{"start":{"line":19,"column":0},"end":{"line":19,"column":20}},"19":{"start":{"line":20,"column":0},"end":{"line":20,"column":4}},"20":{"start":{"line":21,"column":0},"end":{"line":21,"column":4}},"21":{"start":{"line":22,"column":0},"end":{"line":22,"column":11}},"22":{"start":{"line":23,"column":0},"end":{"line":23,"column":40}},"23":{"start":{"line":24,"column":0},"end":{"line":24,"column":21}},"24":{"start":{"line":25,"column":0},"end":{"line":25,"column":17}},"25":{"start":{"line":26,"column":0},"end":{"line":26,"column":5}},"26":{"start":{"line":27,"column":0},"end":{"line":27,"column":1}},"27":{"start":{"line":28,"column":0},"end":{"line":28,"column":0}},"28":{"start":{"line":29,"column":0},"end":{"line":29,"column":28}}},"s":{"0":1,"1":1,"2":1,"3":1,"4":6,"5":6,"6":6,"7":6,"8":6,"9":7,"10":7,"11":7,"12":7,"13":6,"14":3,"15":6,"16":6,"17":3,"18":6,"19":6,"20":6,"21":6,"22":6,"23":6,"24":6,"25":6,"26":6,"27":6,"28":1},"branchMap":{"0":{"type":"branch","line":5,"loc":{"start":{"line":5,"column":0},"end":{"line":29,"column":16}},"locations":[{"start":{"line":5,"column":0},"end":{"line":29,"column":16}}]},"1":{"type":"branch","line":9,"loc":{"start":{"line":9,"column":4},"end":{"line":14,"column":14}},"locations":[{"start":{"line":9,"column":4},"end":{"line":14,"column":14}}]},"2":{"type":"branch","line":14,"loc":{"start":{"line":14,"column":14},"end":{"line":19,"column":6}},"locations":[{"start":{"line":14,"column":14},"end":{"line":19,"column":6}}]},"3":{"type":"branch","line":15,"loc":{"start":{"line":15,"column":48},"end":{"line":18,"column":10}},"locations":[{"start":{"line":15,"column":48},"end":{"line":18,"column":10}}]}},"b":{"0":[6],"1":[7],"2":[3],"3":[6]},"fnMap":{"0":{"name":"UserSelector","decl":{"start":{"line":5,"column":0},"end":{"line":29,"column":16}},"loc":{"start":{"line":5,"column":0},"end":{"line":29,"column":16}},"line":5},"1":{"name":"handleChange","decl":{"start":{"line":9,"column":4},"end":{"line":14,"column":14}},"loc":{"start":{"line":9,"column":4},"end":{"line":14,"column":14}},"line":9}},"f":{"0":6,"1":7}}
}
